2020-12-04 19:16:56.658  INFO 9368 --- [restartedMain] com.jzj.blog.BlogApplication             : Starting BlogApplication using Java 11.0.8 on LAPTOP-CN1BN4NO with PID 9368 (C:\Users\94623\blog\target\classes started by 94623 in C:\Users\94623\blog)
2020-12-04 19:16:56.662  INFO 9368 --- [restartedMain] com.jzj.blog.BlogApplication             : The following profiles are active: pro
2020-12-04 19:16:56.729  INFO 9368 --- [restartedMain] .e.DevToolsPropertyDefaultsPostProcessor : Devtools property defaults active! Set 'spring.devtools.add-properties' to 'false' to disable
2020-12-04 19:16:56.729  INFO 9368 --- [restartedMain] .e.DevToolsPropertyDefaultsPostProcessor : For additional web related logging consider setting the 'logging.level.web' property to 'DEBUG'
2020-12-04 19:16:57.740  INFO 9368 --- [restartedMain] .s.d.r.c.RepositoryConfigurationDelegate : Bootstrapping Spring Data JPA repositories in DEFERRED mode.
2020-12-04 19:16:57.762  INFO 9368 --- [restartedMain] .s.d.r.c.RepositoryConfigurationDelegate : Finished Spring Data repository scanning in 10 ms. Found 0 JPA repository interfaces.
2020-12-04 19:16:58.524  INFO 9368 --- [restartedMain] o.s.b.w.embedded.tomcat.TomcatWebServer  : Tomcat initialized with port(s): 8081 (http)
2020-12-04 19:16:58.539  INFO 9368 --- [restartedMain] o.apache.catalina.core.StandardService   : Starting service [Tomcat]
2020-12-04 19:16:58.539  INFO 9368 --- [restartedMain] org.apache.catalina.core.StandardEngine  : Starting Servlet engine: [Apache Tomcat/9.0.39]
2020-12-04 19:16:58.696  INFO 9368 --- [restartedMain] o.a.c.c.C.[Tomcat].[localhost].[/]       : Initializing Spring embedded WebApplicationContext
2020-12-04 19:16:58.697  INFO 9368 --- [restartedMain] w.s.c.ServletWebServerApplicationContext : Root WebApplicationContext: initialization completed in 1965 ms
2020-12-04 19:16:58.896  INFO 9368 --- [restartedMain] o.s.s.concurrent.ThreadPoolTaskExecutor  : Initializing ExecutorService 'applicationTaskExecutor'
2020-12-04 19:16:58.950  INFO 9368 --- [task-1] o.hibernate.jpa.internal.util.LogHelper  : HHH000204: Processing PersistenceUnitInfo [name: default]
2020-12-04 19:16:58.998  WARN 9368 --- [restartedMain] JpaBaseConfiguration$JpaWebConfiguration : spring.jpa.open-in-view is enabled by default. Therefore, database queries may be performed during view rendering. Explicitly configure spring.jpa.open-in-view to disable this warning
2020-12-04 19:16:59.041  INFO 9368 --- [task-1] org.hibernate.Version                    : HHH000412: Hibernate ORM core version 5.4.23.Final
2020-12-04 19:16:59.240  INFO 9368 --- [task-1] o.hibernate.annotations.common.Version   : HCANN000001: Hibernate Commons Annotations {5.1.2.Final}
2020-12-04 19:16:59.352  WARN 9368 --- [restartedMain] ion$DefaultTemplateResolverConfiguration : Cannot find template location: classpath:/templates/ (please add some templates or check your Thymeleaf configuration)
2020-12-04 19:16:59.403  INFO 9368 --- [task-1] com.zaxxer.hikari.HikariDataSource       : HikariPool-1 - Starting...
2020-12-04 19:16:59.407  WARN 9368 --- [task-1] com.zaxxer.hikari.util.DriverDataSource  : Registered driver with driverClassName=com.mysql.jdbc.Driver was not found, trying direct instantiation.
2020-12-04 19:16:59.487  INFO 9368 --- [restartedMain] o.s.b.d.a.OptionalLiveReloadServer       : LiveReload server is running on port 35729
2020-12-04 19:16:59.538  INFO 9368 --- [restartedMain] o.s.b.w.embedded.tomcat.TomcatWebServer  : Tomcat started on port(s): 8081 (http) with context path ''
2020-12-04 19:16:59.541  INFO 9368 --- [restartedMain] DeferredRepositoryInitializationListener : Triggering deferred initialization of Spring Data repositories…
2020-12-04 19:16:59.542  INFO 9368 --- [restartedMain] DeferredRepositoryInitializationListener : Spring Data repositories initialized!
2020-12-04 19:16:59.554  INFO 9368 --- [restartedMain] com.jzj.blog.BlogApplication             : Started BlogApplication in 3.85 seconds (JVM running for 5.762)
2020-12-04 19:16:59.995  INFO 9368 --- [task-1] com.zaxxer.hikari.HikariDataSource       : HikariPool-1 - Start completed.
2020-12-04 19:17:00.043  INFO 9368 --- [task-1] org.hibernate.dialect.Dialect            : HHH000400: Using dialect: org.hibernate.dialect.MySQL57Dialect
2020-12-04 19:17:00.365  INFO 9368 --- [task-1] o.h.e.t.j.p.i.JtaPlatformInitiator       : HHH000490: Using JtaPlatform implementation: [org.hibernate.engine.transaction.jta.platform.internal.NoJtaPlatform]
2020-12-04 19:17:00.396  INFO 9368 --- [task-1] j.LocalContainerEntityManagerFactoryBean : Initialized JPA EntityManagerFactory for persistence unit 'default'
2020-12-04 19:17:18.438  INFO 9368 --- [http-nio-8081-exec-1] o.a.c.c.C.[Tomcat].[localhost].[/]       : Initializing Spring DispatcherServlet 'dispatcherServlet'
2020-12-04 19:17:18.439  INFO 9368 --- [http-nio-8081-exec-1] o.s.web.servlet.DispatcherServlet        : Initializing Servlet 'dispatcherServlet'
2020-12-04 19:17:18.440  INFO 9368 --- [http-nio-8081-exec-1] o.s.web.servlet.DispatcherServlet        : Completed initialization in 1 ms
